<?xml version="1.0" encoding="UTF-8"?>
<!-- Generated by org.testng.reporters.JUnitReportReporter -->
<testsuite hostname="01-18-dhanaarvina" failures="0" tests="1" name="TestCase2" time="0.620" errors="0" timestamp="2023-02-14T09:54:24 ICT" skipped="0">
  <testcase classname="TestCase2" name="secondCase" time="0.620"/>
  <system-out/>
</testsuite> <!-- TestCase2 -->
