<?xml version="1.0" encoding="UTF-8"?>
<!-- Generated by org.testng.reporters.JUnitReportReporter -->
<testsuite hostname="01-18-dhanaarvina" failures="0" tests="1" name="TestCase3" time="0.568" errors="0" timestamp="2023-02-14T09:54:24 ICT" skipped="0">
  <testcase classname="TestCase3" name="thirdCase" time="0.568"/>
  <system-out/>
</testsuite> <!-- TestCase3 -->
