<?xml version="1.0" encoding="UTF-8"?>
<!-- Generated by org.testng.reporters.JUnitReportReporter -->
<testsuite hostname="01-18-dhanaarvina" failures="0" tests="1" name="TestCase1" time="0.922" errors="0" timestamp="2023-02-14T09:44:20 ICT" skipped="0">
  <testcase classname="TestCase1" name="firstCase" time="0.922"/>
  <system-out/>
</testsuite> <!-- TestCase1 -->
